1613313041882	geckodriver	INFO	geckodriver 0.19.1
1613313041889	geckodriver	INFO	Listening on 127.0.0.1:9486
1613313044959	mozrunner::runner	INFO	Running command: "C:\\Program Files\\Mozilla Firefox\\firefox.exe" "-marionette" "-profile" "C:\\Users\\ysa84\\AppData\\Local\\Temp\\rust_mozprofile.jdLdnHv9MPCz"
1613315123520	geckodriver	INFO	geckodriver 0.19.1
1613315123534	geckodriver	INFO	Listening on 127.0.0.1:10796
1613315126589	mozrunner::runner	INFO	Running command: "C:\\Program Files\\Mozilla Firefox\\firefox.exe" "-marionette" "-profile" "C:\\Users\\ysa84\\AppData\\Local\\Temp\\rust_mozprofile.U3Ds2ouvGcLJ"
1613315127993	Marionette	TRACE	Marionette enabled
1613315128015	Marionette	TRACE	Received observer notification toplevel-window-ready
JavaScript error: resource://gre/modules/XULStore.jsm, line 66: Error: Can't find profile directory.
1613315129884	Marionette	TRACE	Received observer notification marionette-startup-requested
1613315129884	Marionette	TRACE	Waiting until startup recorder finished recording startup scripts...
1613315129898	Marionette	TRACE	All scripts recorded.
1613315129898	Marionette	DEBUG	Setting recommended pref app.update.disabledForTesting to true
1613315129898	Marionette	DEBUG	Setting recommended pref browser.contentblocking.introCount to 99
1613315129899	Marionette	DEBUG	Setting recommended pref browser.tabs.remote.separatePrivilegedContentProcess to false
1613315129899	Marionette	DEBUG	Setting recommended pref browser.tabs.unloadOnLowMemory to false
1613315129899	Marionette	DEBUG	Setting recommended pref browser.toolbars.bookmarks.visibility to never
1613315129899	Marionette	DEBUG	Setting recommended pref datareporting.policy.dataSubmissionPolicyAccepted to false
1613315129899	Marionette	DEBUG	Setting recommended pref dom.disable_beforeunload to true
1613315129899	Marionette	DEBUG	Setting recommended pref dom.push.connection.enabled to false
1613315129899	Marionette	DEBUG	Setting recommended pref extensions.getAddons.discovery.api_url to data:, 
1613315129899	Marionette	DEBUG	Setting recommended pref privacy.trackingprotection.enabled to false
1613315129899	Marionette	DEBUG	Setting recommended pref security.certerrors.mitm.priming.enabled to false
1613315129900	Marionette	INFO	Listening on port 10806
1613315129900	Marionette	DEBUG	Marionette is listening
1613315130183	Marionette	DEBUG	Remote agent not available for this build and platform
1613315130184	Marionette	DEBUG	Accepted connection 0 from 127.0.0.1:10814
1613315130188	Marionette	DEBUG	0 -> [0,1,"newSession",{"acceptInsecureCerts":true,"browserName":"firefox","capabilities":{"desiredCapabilities":{"acceptInsecureCerts":true,"browserName":"firefox"}}}]
1613315130188	Marionette	DEBUG	0 <- [1,1,{"error":"unknown command","message":"newSession","stacktrace":"WebDriverError@chrome://marionette/content/error.js:181: ... t@chrome://marionette/content/server.js:241:9\n_onJSONObjectReady/<@chrome://marionette/content/transport.js:504:20\n"},null]
1613315130193	Marionette	DEBUG	Closed connection 0
1613315137665	Marionette	TRACE	Received observer notification xpcom-will-shutdown
1613315137665	Marionette	DEBUG	Resetting recommended pref app.update.disabledForTesting
1613315137665	Marionette	DEBUG	Resetting recommended pref browser.contentblocking.introCount
1613315137665	Marionette	DEBUG	Resetting recommended pref browser.tabs.remote.separatePrivilegedContentProcess
1613315137665	Marionette	DEBUG	Resetting recommended pref browser.tabs.unloadOnLowMemory
1613315137665	Marionette	DEBUG	Resetting recommended pref browser.toolbars.bookmarks.visibility
1613315137665	Marionette	DEBUG	Resetting recommended pref datareporting.policy.dataSubmissionPolicyAccepted
1613315137665	Marionette	DEBUG	Resetting recommended pref dom.disable_beforeunload
1613315137665	Marionette	DEBUG	Resetting recommended pref dom.push.connection.enabled
1613315137665	Marionette	DEBUG	Resetting recommended pref extensions.getAddons.discovery.api_url
1613315137666	Marionette	DEBUG	Resetting recommended pref privacy.trackingprotection.enabled
1613315137666	Marionette	DEBUG	Resetting recommended pref security.certerrors.mitm.priming.enabled
1613315137666	Marionette	INFO	Stopped listening on port 10806
1613315137666	Marionette	DEBUG	Marionette stopped listening

###!!! [Child][RunMessage] Error: Channel closing: too late to send/recv, messages will be lost

1613315320225	geckodriver	INFO	Listening on 127.0.0.1:11044
1613315323258	mozrunner::runner	INFO	Running command: "C:\\Program Files\\Mozilla Firefox\\firefox.exe" "--marionette" "-foreground" "-no-remote" "-profile" "C:\\Users\\ysa84\\AppData\\Local\\Temp\\rust_mozprofileRuJBKr"
console.warn: SearchSettings: "get: No settings file exists, new profile?" (new Error("", "(unknown module)"))
1613315325055	Marionette	INFO	Listening on port 11055
console.warn: SearchSettings: "get: No settings file exists, new profile?" (new Error("", "(unknown module)"))
1613315325315	Marionette	WARN	TLS certificate errors will be ignored for this session
1613315325331	Marionette	ERROR	[15] No reply from Marionette:Register
JavaScript warning: https://t1.daumcdn.net/cssjs/jquery/jquery-1.9.0.min.js, line 4: Using //@ to indicate sourceMappingURL pragmas is deprecated. Use //# instead
1613315436874	Marionette	INFO	Stopped listening on port 11055

###!!! [Child][RunMessage] Error: Channel closing: too late to send/recv, messages will be lost

1613315441823	geckodriver	INFO	Listening on 127.0.0.1:11260
1613315444835	mozrunner::runner	INFO	Running command: "C:\\Program Files\\Mozilla Firefox\\firefox.exe" "--marionette" "-foreground" "-no-remote" "-profile" "C:\\Users\\ysa84\\AppData\\Local\\Temp\\rust_mozprofileqnt9hs"
console.warn: SearchSettings: "get: No settings file exists, new profile?" (new Error("", "(unknown module)"))
1613315446643	Marionette	INFO	Listening on port 11270
console.warn: SearchSettings: "get: No settings file exists, new profile?" (new Error("", "(unknown module)"))
1613315446899	Marionette	WARN	TLS certificate errors will be ignored for this session
1613315446909	Marionette	ERROR	[15] No reply from Marionette:Register
JavaScript warning: https://t1.daumcdn.net/cssjs/jquery/jquery-1.9.0.min.js, line 4: Using //@ to indicate sourceMappingURL pragmas is deprecated. Use //# instead
JavaScript warning: https://t1.daumcdn.net/cssjs/jquery/jquery-1.9.0.min.js, line 4: Using //@ to indicate sourceMappingURL pragmas is deprecated. Use //# instead
JavaScript error: resource://gre/actors/AutoCompleteChild.jsm, line 125: Error: Invalid autocomplete selectedIndex
1613315816081	Marionette	INFO	Stopped listening on port 11270

###!!! [Child][RunMessage] Error: Channel closing: too late to send/recv, messages will be lost

1613315827519	geckodriver	INFO	Listening on 127.0.0.1:11675
1613315830561	mozrunner::runner	INFO	Running command: "C:\\Program Files\\Mozilla Firefox\\firefox.exe" "--marionette" "-foreground" "-no-remote" "-profile" "C:\\Users\\ysa84\\AppData\\Local\\Temp\\rust_mozprofileHtO5KE"
console.warn: SearchSettings: "get: No settings file exists, new profile?" (new Error("", "(unknown module)"))
1613315832333	Marionette	INFO	Listening on port 11684
console.warn: SearchSettings: "get: No settings file exists, new profile?" (new Error("", "(unknown module)"))
1613315832625	Marionette	WARN	TLS certificate errors will be ignored for this session
1613315832635	Marionette	ERROR	[15] No reply from Marionette:Register
JavaScript warning: https://t1.daumcdn.net/cssjs/jquery/jquery-1.9.0.min.js, line 4: Using //@ to indicate sourceMappingURL pragmas is deprecated. Use //# instead
1613315843891	Marionette	INFO	Stopped listening on port 11684

###!!! [Child][RunMessage] Error: Channel closing: too late to send/recv, messages will be lost

1613315894337	geckodriver	INFO	Listening on 127.0.0.1:11822
1613315897354	mozrunner::runner	INFO	Running command: "C:\\Program Files\\Mozilla Firefox\\firefox.exe" "--marionette" "-foreground" "-no-remote" "-profile" "C:\\Users\\ysa84\\AppData\\Local\\Temp\\rust_mozprofiledeIjU4"
console.warn: SearchSettings: "get: No settings file exists, new profile?" (new Error("", "(unknown module)"))
1613315899020	Marionette	INFO	Listening on port 11832
console.warn: SearchSettings: "get: No settings file exists, new profile?" (new Error("", "(unknown module)"))
1613315899417	Marionette	WARN	TLS certificate errors will be ignored for this session
1613315899427	Marionette	ERROR	[15] No reply from Marionette:Register
JavaScript warning: https://t1.daumcdn.net/cssjs/jquery/jquery-1.9.0.min.js, line 4: Using //@ to indicate sourceMappingURL pragmas is deprecated. Use //# instead
JavaScript warning: https://t1.daumcdn.net/cssjs/jquery/jquery-1.9.0.min.js, line 4: Using //@ to indicate sourceMappingURL pragmas is deprecated. Use //# instead
JavaScript warning: https://t1.daumcdn.net/cssjs/jquery/jquery-1.9.0.min.js, line 4: Using //@ to indicate sourceMappingURL pragmas is deprecated. Use //# instead
JavaScript warning: https://t1.daumcdn.net/cssjs/jquery/jquery-1.9.0.min.js, line 4: Using //@ to indicate sourceMappingURL pragmas is deprecated. Use //# instead
1613316170232	Marionette	INFO	Stopped listening on port 11832

###!!! [Child][RunMessage] Error: Channel closing: too late to send/recv, messages will be lost

1613316515157	geckodriver	INFO	Listening on 127.0.0.1:13040
1613316518172	mozrunner::runner	INFO	Running command: "C:\\Program Files\\Mozilla Firefox\\firefox.exe" "--marionette" "-foreground" "-no-remote" "-profile" "C:\\Users\\ysa84\\AppData\\Local\\Temp\\rust_mozprofilen3k2bR"
console.warn: SearchSettings: "get: No settings file exists, new profile?" (new Error("", "(unknown module)"))
1613316519936	Marionette	INFO	Listening on port 13050
console.warn: SearchSettings: "get: No settings file exists, new profile?" (new Error("", "(unknown module)"))
1613316520228	Marionette	WARN	TLS certificate errors will be ignored for this session
1613316520237	Marionette	ERROR	[15] No reply from Marionette:Register
JavaScript warning: https://t1.daumcdn.net/cssjs/jquery/jquery-1.9.0.min.js, line 4: Using //@ to indicate sourceMappingURL pragmas is deprecated. Use //# instead
JavaScript warning: https://t1.daumcdn.net/cssjs/jquery/jquery-1.9.0.min.js, line 4: Using //@ to indicate sourceMappingURL pragmas is deprecated. Use //# instead
1613316531062	Marionette	INFO	Stopped listening on port 13050

###!!! [Child][RunMessage] Error: Channel closing: too late to send/recv, messages will be lost

1613316543895	geckodriver	INFO	Listening on 127.0.0.1:13217
1613316546909	mozrunner::runner	INFO	Running command: "C:\\Program Files\\Mozilla Firefox\\firefox.exe" "--marionette" "-foreground" "-no-remote" "-profile" "C:\\Users\\ysa84\\AppData\\Local\\Temp\\rust_mozprofileVxJv88"
console.warn: SearchSettings: "get: No settings file exists, new profile?" (new Error("", "(unknown module)"))
1613316548681	Marionette	INFO	Listening on port 13226
console.warn: SearchSettings: "get: No settings file exists, new profile?" (new Error("", "(unknown module)"))
1613316548972	Marionette	WARN	TLS certificate errors will be ignored for this session
1613316548981	Marionette	ERROR	[15] No reply from Marionette:Register
JavaScript warning: https://t1.daumcdn.net/cssjs/jquery/jquery-1.9.0.min.js, line 4: Using //@ to indicate sourceMappingURL pragmas is deprecated. Use //# instead
JavaScript warning: https://t1.daumcdn.net/cssjs/jquery/jquery-1.9.0.min.js, line 4: Using //@ to indicate sourceMappingURL pragmas is deprecated. Use //# instead
JavaScript warning: https://t1.daumcdn.net/cssjs/jquery/jquery-1.9.0.min.js, line 4: Using //@ to indicate sourceMappingURL pragmas is deprecated. Use //# instead
JavaScript warning: https://t1.daumcdn.net/cssjs/jquery/jquery-1.9.0.min.js, line 4: Using //@ to indicate sourceMappingURL pragmas is deprecated. Use //# instead
1613316572394	Marionette	INFO	Stopped listening on port 13226

###!!! [Child][RunMessage] Error: Channel closing: too late to send/recv, messages will be lost

1613316631885	geckodriver	INFO	Listening on 127.0.0.1:13437
1613316634901	mozrunner::runner	INFO	Running command: "C:\\Program Files\\Mozilla Firefox\\firefox.exe" "--marionette" "-foreground" "-no-remote" "-profile" "C:\\Users\\ysa84\\AppData\\Local\\Temp\\rust_mozprofileDNVQs2"
console.warn: SearchSettings: "get: No settings file exists, new profile?" (new Error("", "(unknown module)"))
1613316636503	Marionette	INFO	Listening on port 13446
console.warn: SearchSettings: "get: No settings file exists, new profile?" (new Error("", "(unknown module)"))
1613316636965	Marionette	WARN	TLS certificate errors will be ignored for this session
1613316636974	Marionette	ERROR	[15] No reply from Marionette:Register
JavaScript warning: https://t1.daumcdn.net/cssjs/jquery/jquery-1.9.0.min.js, line 4: Using //@ to indicate sourceMappingURL pragmas is deprecated. Use //# instead
JavaScript warning: https://t1.daumcdn.net/cssjs/jquery/jquery-1.9.0.min.js, line 4: Using //@ to indicate sourceMappingURL pragmas is deprecated. Use //# instead
1613316645646	Marionette	INFO	Stopped listening on port 13446

###!!! [Child][RunMessage] Error: Channel closing: too late to send/recv, messages will be lost

1613318673760	geckodriver	INFO	Listening on 127.0.0.1:14769
1613318676774	mozrunner::runner	INFO	Running command: "C:\\Program Files\\Mozilla Firefox\\firefox.exe" "--marionette" "-foreground" "-no-remote" "-profile" "C:\\Users\\ysa84\\AppData\\Local\\Temp\\rust_mozprofilelbjQX9"
console.warn: SearchSettings: "get: No settings file exists, new profile?" (new Error("", "(unknown module)"))
1613318678492	Marionette	INFO	Listening on port 14779
console.warn: SearchSettings: "get: No settings file exists, new profile?" (new Error("", "(unknown module)"))
1613318678838	Marionette	WARN	TLS certificate errors will be ignored for this session
1613318678848	Marionette	ERROR	[15] No reply from Marionette:Register
1613318680559	Marionette	INFO	Stopped listening on port 14779

###!!! [Child][RunMessage] Error: Channel closing: too late to send/recv, messages will be lost

1613318722047	geckodriver	INFO	Listening on 127.0.0.1:14881
1613318725066	mozrunner::runner	INFO	Running command: "C:\\Program Files\\Mozilla Firefox\\firefox.exe" "--marionette" "-foreground" "-no-remote" "-profile" "C:\\Users\\ysa84\\AppData\\Local\\Temp\\rust_mozprofileAriQ3J"
console.warn: SearchSettings: "get: No settings file exists, new profile?" (new Error("", "(unknown module)"))
1613318726693	Marionette	INFO	Listening on port 14890
console.warn: SearchSettings: "get: No settings file exists, new profile?" (new Error("", "(unknown module)"))
1613318727130	Marionette	WARN	TLS certificate errors will be ignored for this session
1613318727140	Marionette	ERROR	[15] No reply from Marionette:Register
JavaScript warning: https://t1.daumcdn.net/cssjs/jquery/jquery-1.9.0.min.js, line 4: Using //@ to indicate sourceMappingURL pragmas is deprecated. Use //# instead
JavaScript warning: https://t1.daumcdn.net/cssjs/jquery/jquery-1.9.0.min.js, line 4: Using //@ to indicate sourceMappingURL pragmas is deprecated. Use //# instead
JavaScript warning: https://t1.daumcdn.net/cssjs/jquery/jquery-1.9.0.min.js, line 4: Using //@ to indicate sourceMappingURL pragmas is deprecated. Use //# instead
1613318743459	Marionette	INFO	Stopped listening on port 14890

###!!! [Child][RunMessage] Error: Channel closing: too late to send/recv, messages will be lost

1613318756470	geckodriver	INFO	Listening on 127.0.0.1:1062
1613318759487	mozrunner::runner	INFO	Running command: "C:\\Program Files\\Mozilla Firefox\\firefox.exe" "--marionette" "-foreground" "-no-remote" "-profile" "C:\\Users\\ysa84\\AppData\\Local\\Temp\\rust_mozprofile1SnYeA"
console.warn: SearchSettings: "get: No settings file exists, new profile?" (new Error("", "(unknown module)"))
1613318761088	Marionette	INFO	Listening on port 1071
console.warn: SearchSettings: "get: No settings file exists, new profile?" (new Error("", "(unknown module)"))
1613318761549	Marionette	WARN	TLS certificate errors will be ignored for this session
1613318761559	Marionette	ERROR	[15] No reply from Marionette:Register
JavaScript warning: https://t1.daumcdn.net/cssjs/jquery/jquery-1.9.0.min.js, line 4: Using //@ to indicate sourceMappingURL pragmas is deprecated. Use //# instead
JavaScript warning: https://t1.daumcdn.net/cssjs/jquery/jquery-1.9.0.min.js, line 4: Using //@ to indicate sourceMappingURL pragmas is deprecated. Use //# instead
JavaScript warning: https://t1.daumcdn.net/cssjs/jquery/jquery-1.9.0.min.js, line 4: Using //@ to indicate sourceMappingURL pragmas is deprecated. Use //# instead
JavaScript warning: https://t1.daumcdn.net/cssjs/jquery/jquery-1.9.0.min.js, line 4: Using //@ to indicate sourceMappingURL pragmas is deprecated. Use //# instead
1613318784120	Marionette	INFO	Stopped listening on port 1071

###!!! [Child][RunMessage] Error: Channel closing: too late to send/recv, messages will be lost

1613319018349	geckodriver	INFO	Listening on 127.0.0.1:1462
1613319021369	mozrunner::runner	INFO	Running command: "C:\\Program Files\\Mozilla Firefox\\firefox.exe" "--marionette" "-foreground" "-no-remote" "-profile" "C:\\Users\\ysa84\\AppData\\Local\\Temp\\rust_mozprofilee0vhse"
console.warn: SearchSettings: "get: No settings file exists, new profile?" (new Error("", "(unknown module)"))
1613319022948	Marionette	INFO	Listening on port 1472
console.warn: SearchSettings: "get: No settings file exists, new profile?" (new Error("", "(unknown module)"))
1613319023438	Marionette	WARN	TLS certificate errors will be ignored for this session
1613319023451	Marionette	ERROR	[15] No reply from Marionette:Register
JavaScript warning: https://t1.daumcdn.net/cssjs/jquery/jquery-1.9.0.min.js, line 4: Using //@ to indicate sourceMappingURL pragmas is deprecated. Use //# instead
JavaScript warning: https://t1.daumcdn.net/cssjs/jquery/jquery-1.9.0.min.js, line 4: Using //@ to indicate sourceMappingURL pragmas is deprecated. Use //# instead
JavaScript warning: https://t1.daumcdn.net/cssjs/jquery/jquery-1.9.0.min.js, line 4: Using //@ to indicate sourceMappingURL pragmas is deprecated. Use //# instead
1613319036659	Marionette	INFO	Stopped listening on port 1472

###!!! [Child][RunMessage] Error: Channel closing: too late to send/recv, messages will be lost

1613319129449	geckodriver	INFO	Listening on 127.0.0.1:1760
1613319132461	mozrunner::runner	INFO	Running command: "C:\\Program Files\\Mozilla Firefox\\firefox.exe" "--marionette" "-foreground" "-no-remote" "-profile" "C:\\Users\\ysa84\\AppData\\Local\\Temp\\rust_mozprofile2zLk9z"
console.warn: SearchSettings: "get: No settings file exists, new profile?" (new Error("", "(unknown module)"))
1613319134048	Marionette	INFO	Listening on port 1772
console.warn: SearchSettings: "get: No settings file exists, new profile?" (new Error("", "(unknown module)"))
1613319134524	Marionette	WARN	TLS certificate errors will be ignored for this session
1613319134533	Marionette	ERROR	[15] No reply from Marionette:Register
JavaScript warning: https://t1.daumcdn.net/cssjs/jquery/jquery-1.9.0.min.js, line 4: Using //@ to indicate sourceMappingURL pragmas is deprecated. Use //# instead
JavaScript error: , line 0: NotFoundError: No such JSWindowActor 'MarionetteEvents'
JavaScript error: chrome://marionette/content/actors/MarionetteCommandsChild.jsm, line 64: TypeError: this.document.defaultView is null
JavaScript error: , line 0: AbortError: The operation was aborted. 
1613319140602	Marionette	INFO	Stopped listening on port 1772

###!!! [Child][RunMessage] Error: Channel closing: too late to send/recv, messages will be lost

1613319317708	geckodriver	INFO	Listening on 127.0.0.1:2325
1613319320717	mozrunner::runner	INFO	Running command: "C:\\Program Files\\Mozilla Firefox\\firefox.exe" "--marionette" "-foreground" "-no-remote" "-profile" "C:\\Users\\ysa84\\AppData\\Local\\Temp\\rust_mozprofileIBsZAI"
console.warn: SearchSettings: "get: No settings file exists, new profile?" (new Error("", "(unknown module)"))
1613319322492	Marionette	INFO	Listening on port 2337
console.warn: SearchSettings: "get: No settings file exists, new profile?" (new Error("", "(unknown module)"))
1613319322781	Marionette	WARN	TLS certificate errors will be ignored for this session
1613319322790	Marionette	ERROR	[15] No reply from Marionette:Register
JavaScript warning: https://t1.daumcdn.net/cssjs/jquery/jquery-1.9.0.min.js, line 4: Using //@ to indicate sourceMappingURL pragmas is deprecated. Use //# instead
JavaScript warning: https://t1.daumcdn.net/cssjs/jquery/jquery-1.9.0.min.js, line 4: Using //@ to indicate sourceMappingURL pragmas is deprecated. Use //# instead
JavaScript warning: https://t1.daumcdn.net/cssjs/jquery/jquery-1.9.0.min.js, line 4: Using //@ to indicate sourceMappingURL pragmas is deprecated. Use //# instead
1613319337211	Marionette	INFO	Stopped listening on port 2337

###!!! [Child][RunMessage] Error: Channel closing: too late to send/recv, messages will be lost

1613319366811	geckodriver	INFO	Listening on 127.0.0.1:2536
1613319369831	mozrunner::runner	INFO	Running command: "C:\\Program Files\\Mozilla Firefox\\firefox.exe" "--marionette" "-foreground" "-no-remote" "-profile" "C:\\Users\\ysa84\\AppData\\Local\\Temp\\rust_mozprofileqh9PYn"
console.warn: SearchSettings: "get: No settings file exists, new profile?" (new Error("", "(unknown module)"))
1613319371435	Marionette	INFO	Listening on port 2547
console.warn: SearchSettings: "get: No settings file exists, new profile?" (new Error("", "(unknown module)"))
1613319371895	Marionette	WARN	TLS certificate errors will be ignored for this session
1613319371905	Marionette	ERROR	[15] No reply from Marionette:Register
1613319372947	Marionette	INFO	Stopped listening on port 2547

###!!! [Child][RunMessage] Error: Channel closing: too late to send/recv, messages will be lost

1613319416216	geckodriver	INFO	Listening on 127.0.0.1:2700
1613319419234	mozrunner::runner	INFO	Running command: "C:\\Program Files\\Mozilla Firefox\\firefox.exe" "--marionette" "-foreground" "-no-remote" "-profile" "C:\\Users\\ysa84\\AppData\\Local\\Temp\\rust_mozprofile2MeHjX"
console.warn: SearchSettings: "get: No settings file exists, new profile?" (new Error("", "(unknown module)"))
1613319420879	Marionette	INFO	Listening on port 2715
console.warn: SearchSettings: "get: No settings file exists, new profile?" (new Error("", "(unknown module)"))
1613319421296	Marionette	WARN	TLS certificate errors will be ignored for this session
1613319421306	Marionette	ERROR	[15] No reply from Marionette:Register
JavaScript warning: https://t1.daumcdn.net/cssjs/jquery/jquery-1.9.0.min.js, line 4: Using //@ to indicate sourceMappingURL pragmas is deprecated. Use //# instead
1613319426078	Marionette	INFO	Stopped listening on port 2715

###!!! [Child][RunMessage] Error: Channel closing: too late to send/recv, messages will be lost

1613319710481	geckodriver	INFO	Listening on 127.0.0.1:3168
1613319713501	mozrunner::runner	INFO	Running command: "C:\\Program Files\\Mozilla Firefox\\firefox.exe" "--marionette" "-foreground" "-no-remote" "-profile" "C:\\Users\\ysa84\\AppData\\Local\\Temp\\rust_mozprofileRf48ly"
console.warn: SearchSettings: "get: No settings file exists, new profile?" (new Error("", "(unknown module)"))
1613319715262	Marionette	INFO	Listening on port 3181
console.warn: SearchSettings: "get: No settings file exists, new profile?" (new Error("", "(unknown module)"))
1613319715565	Marionette	WARN	TLS certificate errors will be ignored for this session
1613319715575	Marionette	ERROR	[15] No reply from Marionette:Register
JavaScript warning: https://t1.daumcdn.net/cssjs/jquery/jquery-1.9.0.min.js, line 4: Using //@ to indicate sourceMappingURL pragmas is deprecated. Use //# instead
JavaScript warning: https://t1.daumcdn.net/cssjs/jquery/jquery-1.9.0.min.js, line 4: Using //@ to indicate sourceMappingURL pragmas is deprecated. Use //# instead
JavaScript warning: https://t1.daumcdn.net/cssjs/jquery/jquery-1.9.0.min.js, line 4: Using //@ to indicate sourceMappingURL pragmas is deprecated. Use //# instead
JavaScript warning: https://t1.daumcdn.net/cssjs/jquery/jquery-1.9.0.min.js, line 4: Using //@ to indicate sourceMappingURL pragmas is deprecated. Use //# instead
1613319744384	Marionette	INFO	Stopped listening on port 3181

###!!! [Child][RunMessage] Error: Channel closing: too late to send/recv, messages will be lost

1613319756838	geckodriver	INFO	Listening on 127.0.0.1:3390
1613319759857	mozrunner::runner	INFO	Running command: "C:\\Program Files\\Mozilla Firefox\\firefox.exe" "--marionette" "-foreground" "-no-remote" "-profile" "C:\\Users\\ysa84\\AppData\\Local\\Temp\\rust_mozprofileiye86B"
console.warn: SearchSettings: "get: No settings file exists, new profile?" (new Error("", "(unknown module)"))
console.warn: SearchSettings: "get: No settings file exists, new profile?" (new Error("", "(unknown module)"))
1613319761518	Marionette	INFO	Listening on port 3403
1613319761920	Marionette	WARN	TLS certificate errors will be ignored for this session
1613319761929	Marionette	ERROR	[15] No reply from Marionette:Register
JavaScript warning: https://t1.daumcdn.net/cssjs/jquery/jquery-1.9.0.min.js, line 4: Using //@ to indicate sourceMappingURL pragmas is deprecated. Use //# instead
JavaScript warning: https://t1.daumcdn.net/cssjs/jquery/jquery-1.9.0.min.js, line 4: Using //@ to indicate sourceMappingURL pragmas is deprecated. Use //# instead
JavaScript warning: https://t1.daumcdn.net/cssjs/jquery/jquery-1.9.0.min.js, line 4: Using //@ to indicate sourceMappingURL pragmas is deprecated. Use //# instead
1613319775402	Marionette	INFO	Stopped listening on port 3403

###!!! [Child][RunMessage] Error: Channel closing: too late to send/recv, messages will be lost

1613319788930	geckodriver	INFO	Listening on 127.0.0.1:3566
1613319791945	mozrunner::runner	INFO	Running command: "C:\\Program Files\\Mozilla Firefox\\firefox.exe" "--marionette" "-foreground" "-no-remote" "-profile" "C:\\Users\\ysa84\\AppData\\Local\\Temp\\rust_mozprofileX9OJkP"
console.warn: SearchSettings: "get: No settings file exists, new profile?" (new Error("", "(unknown module)"))
1613319793666	Marionette	INFO	Listening on port 3577
console.warn: SearchSettings: "get: No settings file exists, new profile?" (new Error("", "(unknown module)"))
1613319794002	Marionette	WARN	TLS certificate errors will be ignored for this session
1613319794011	Marionette	ERROR	[15] No reply from Marionette:Register
JavaScript warning: https://t1.daumcdn.net/cssjs/jquery/jquery-1.9.0.min.js, line 4: Using //@ to indicate sourceMappingURL pragmas is deprecated. Use //# instead
JavaScript warning: https://t1.daumcdn.net/cssjs/jquery/jquery-1.9.0.min.js, line 4: Using //@ to indicate sourceMappingURL pragmas is deprecated. Use //# instead
1613319803972	Marionette	INFO	Stopped listening on port 3577

###!!! [Child][RunMessage] Error: Channel closing: too late to send/recv, messages will be lost

1613319869455	geckodriver	INFO	Listening on 127.0.0.1:3779
1613319872482	mozrunner::runner	INFO	Running command: "C:\\Program Files\\Mozilla Firefox\\firefox.exe" "--marionette" "-foreground" "-no-remote" "-profile" "C:\\Users\\ysa84\\AppData\\Local\\Temp\\rust_mozprofileDsQqlK"
console.warn: SearchSettings: "get: No settings file exists, new profile?" (new Error("", "(unknown module)"))
1613319874215	Marionette	INFO	Listening on port 3790
console.warn: SearchSettings: "get: No settings file exists, new profile?" (new Error("", "(unknown module)"))
1613319874539	Marionette	WARN	TLS certificate errors will be ignored for this session
1613319874548	Marionette	ERROR	[15] No reply from Marionette:Register
JavaScript warning: https://t1.daumcdn.net/cssjs/jquery/jquery-1.9.0.min.js, line 4: Using //@ to indicate sourceMappingURL pragmas is deprecated. Use //# instead
JavaScript warning: https://t1.daumcdn.net/cssjs/jquery/jquery-1.9.0.min.js, line 4: Using //@ to indicate sourceMappingURL pragmas is deprecated. Use //# instead
JavaScript warning: https://t1.daumcdn.net/cssjs/jquery/jquery-1.9.0.min.js, line 4: Using //@ to indicate sourceMappingURL pragmas is deprecated. Use //# instead
JavaScript warning: https://t1.daumcdn.net/cssjs/jquery/jquery-1.9.0.min.js, line 4: Using //@ to indicate sourceMappingURL pragmas is deprecated. Use //# instead
1613319897591	Marionette	ERROR	[33] No reply from Marionette:Register
Handler function _httpStopRequest threw an exception: [Exception... "Component returned failure code: 0x80004005 (NS_ERROR_FAILURE) [nsITraceableChannel.setNewListener]"  nsresult: "0x80004005 (NS_ERROR_FAILURE)"  location: "JS frame :: resource://devtools/server/actors/network-monitor/network-observer.js :: _setupResponseListener :: line 1086"  data: no]
Stack: _setupResponseListener@resource://devtools/server/actors/network-monitor/network-observer.js:1086:38
_createNetworkEvent@resource://devtools/server/actors/network-monitor/network-observer.js:912:12
_httpStopRequest@resource://devtools/server/actors/network-monitor/network-observer.js:409:14
exports.makeInfallible/<@resource://devtools/shared/ThreadSafeDevToolsUtils.js:103:22
Line: 1086, column: 0
console.error: ({})
Handler function _httpStopRequest threw an exception: [Exception... "Component returned failure code: 0x80004005 (NS_ERROR_FAILURE) [nsITraceableChannel.setNewListener]"  nsresult: "0x80004005 (NS_ERROR_FAILURE)"  location: "JS frame :: resource://devtools/server/actors/network-monitor/network-observer.js :: _setupResponseListener :: line 1086"  data: no]
Stack: _setupResponseListener@resource://devtools/server/actors/network-monitor/network-observer.js:1086:38
_createNetworkEvent@resource://devtools/server/actors/network-monitor/network-observer.js:912:12
_httpStopRequest@resource://devtools/server/actors/network-monitor/network-observer.js:409:14
exports.makeInfallible/<@resource://devtools/shared/ThreadSafeDevToolsUtils.js:103:22
Line: 1086, column: 0
console.error: ({})
console.error: "Error writing request: getGrids"
console.error: "Error writing request: getGrids"
console.error: "Error writing request: getGrids"
console.error: "Error writing request: getGrids"
1613319918811	Marionette	INFO	Stopped listening on port 3790

###!!! [Child][RunMessage] Error: Channel closing: too late to send/recv, messages will be lost

1613322456903	geckodriver	INFO	Listening on 127.0.0.1:8063
1613322459928	mozrunner::runner	INFO	Running command: "C:\\Program Files\\Mozilla Firefox\\firefox.exe" "--marionette" "-headless" "-foreground" "-no-remote" "-profile" "C:\\Users\\ysa84\\AppData\\Local\\Temp\\rust_mozprofiledpx4y3"
*** You are running in headless mode.
console.warn: SearchSettings: "get: No settings file exists, new profile?" (new Error("", "(unknown module)"))
1613322461986	Marionette	INFO	Listening on port 8075
console.warn: SearchSettings: "get: No settings file exists, new profile?" (new Error("", "(unknown module)"))
1613322462089	Marionette	WARN	TLS certificate errors will be ignored for this session
1613322462096	Marionette	ERROR	[15] No reply from Marionette:Register
JavaScript warning: https://t1.daumcdn.net/cssjs/jquery/jquery-1.9.0.min.js, line 4: Using //@ to indicate sourceMappingURL pragmas is deprecated. Use //# instead
console.log: WebExtensions: reset-default-search: No addons in our list are installed.
Exiting due to channel error.
Exiting due to channel error.
firefox.exe" "--marionette" "-foreground" "-no-remote" "-profile" "C:\\Users\\ysa84\\AppData\\Local\\Temp\\rust_mozprofileCUhuYV"
console.warn: SearchSettings: "get: No settings file exists, new profile?" (new Error("", "(unknown module)"))
1613322765170	Marionette	INFO	Listening on port 8675
console.warn: SearchSettings: "get: No settings file exists, new profile?" (new Error("", "(unknown module)"))
1613322765530	Marionette	WARN	TLS certificate errors will be ignored for this session
1613322765540	Marionette	ERROR	[15] No reply from Marionette:Register
JavaScript warning: https://t1.daumcdn.net/cssjs/jquery/jquery-1.9.0.min.js, line 4: Using //@ to indicate sourceMappingURL pragmas is deprecated. Use //# instead
1613322776496	Marionette	INFO	Stopped listening on port 8675

###!!! [Child][RunMessage] Error: Channel closing: too late to send/recv, messages will be lost

1613323251802	geckodriver	INFO	Listening on 127.0.0.1:9423
1613323254823	mozrunner::runner	INFO	Running command: "C:\\Program Files\\Mozilla Firefox\\firefox.exe" "--marionette" "-foreground" "-no-remote" "-profile" "C:\\Users\\ysa84\\AppData\\Local\\Temp\\rust_mozprofileH64KQf"
console.warn: SearchSettings: "get: No settings file exists, new profile?" (new Error("", "(unknown module)"))
1613323258055	Marionette	INFO	Listening on port 9434
console.warn: SearchSettings: "get: No settings file exists, new profile?" (new Error("", "(unknown module)"))
1613323258523	Marionette	WARN	TLS certificate errors will be ignored for this session
1613323258533	Marionette	ERROR	[15] No reply from Marionette:Register
JavaScript warning: https://t1.daumcdn.net/cssjs/jquery/jquery-1.9.0.min.js, line 4: Using //@ to indicate sourceMappingURL pragmas is deprecated. Use //# instead
JavaScript warning: https://t1.daumcdn.net/cssjs/jquery/jquery-1.9.0.min.js, line 4: Using //@ to indicate sourceMappingURL pragmas is deprecated. Use //# instead
JavaScript warning: https://t1.daumcdn.net/cssjs/jquery/jquery-1.9.0.min.js, line 4: Using //@ to indicate sourceMappingURL pragmas is deprecated. Use //# instead
1613323276433	Marionette	INFO	Stopped listening on port 9434

###!!! [Child][RunMessage] Error: Channel closing: too late to send/recv, messages will be lost

1613323430291	geckodriver	INFO	Listening on 127.0.0.1:9755
1613323433312	mozrunner::runner	INFO	Running command: "C:\\Program Files\\Mozilla Firefox\\firefox.exe" "--marionette" "-foreground" "-no-remote" "-profile" "C:\\Users\\ysa84\\AppData\\Local\\Temp\\rust_mozprofilea6v3fJ"
console.warn: SearchSettings: "get: No settings file exists, new profile?" (new Error("", "(unknown module)"))
1613323434945	Marionette	INFO	Listening on port 9767
console.warn: SearchSettings: "get: No settings file exists, new profile?" (new Error("", "(unknown module)"))
1613323435375	Marionette	WARN	TLS certificate errors will be ignored for this session
1613323435385	Marionette	ERROR	[15] No reply from Marionette:Register
JavaScript warning: https://t1.daumcdn.net/cssjs/jquery/jquery-1.9.0.min.js, line 4: Using //@ to indicate sourceMappingURL pragmas is deprecated. Use //# instead
JavaScript warning: https://t1.daumcdn.net/cssjs/jquery/jquery-1.9.0.min.js, line 4: Using //@ to indicate sourceMappingURL pragmas is deprecated. Use //# instead
JavaScript warning: https://t1.daumcdn.net/cssjs/jquery/jquery-1.9.0.min.js, line 4: Using //@ to indicate sourceMappingURL pragmas is deprecated. Use //# instead
JavaScript warning: https://t1.daumcdn.net/cssjs/jquery/jquery-1.9.0.min.js, line 4: Using //@ to indicate sourceMappingURL pragmas is deprecated. Use //# instead
1613323452746	Marionette	INFO	Stopped listening on port 9767

###!!! [Child][RunMessage] Error: Channel closing: too late to send/recv, messages will be lost

1613323473518	geckodriver	INFO	Listening on 127.0.0.1:9948
1613323476535	mozrunner::runner	INFO	Running command: "C:\\Program Files\\Mozilla Firefox\\firefox.exe" "--marionette" "-foreground" "-no-remote" "-profile" "C:\\Users\\ysa84\\AppData\\Local\\Temp\\rust_mozprofileZJkmxm"
console.warn: SearchSettings: "get: No settings file exists, new profile?" (new Error("", "(unknown module)"))
1613323478338	Marionette	INFO	Listening on port 9962
console.warn: SearchSettings: "get: No settings file exists, new profile?" (new Error("", "(unknown module)"))
1613323478592	Marionette	WARN	TLS certificate errors will be ignored for this session
1613323478602	Marionette	ERROR	[15] No reply from Marionette:Register
JavaScript warning: https://t1.daumcdn.net/cssjs/jquery/jquery-1.9.0.min.js, line 4: Using //@ to indicate sourceMappingURL pragmas is deprecated. Use //# instead
JavaScript warning: https://t1.daumcdn.net/cssjs/jquery/jquery-1.9.0.min.js, line 4: Using //@ to indicate sourceMappingURL pragmas is deprecated. Use //# instead
JavaScript warning: https://t1.daumcdn.net/cssjs/jquery/jquery-1.9.0.min.js, line 4: Using //@ to indicate sourceMappingURL pragmas is deprecated. Use //# instead
1613323491388	Marionette	INFO	Stopped listening on port 9962

###!!! [Child][RunMessage] Error: Channel closing: too late to send/recv, messages will be lost

1613323514678	geckodriver	INFO	Listening on 127.0.0.1:10126
1613323517696	mozrunner::runner	INFO	Running command: "C:\\Program Files\\Mozilla Firefox\\firefox.exe" "--marionette" "-foreground" "-no-remote" "-profile" "C:\\Users\\ysa84\\AppData\\Local\\Temp\\rust_mozprofileXodQyO"
console.warn: SearchSettings: "get: No settings file exists, new profile?" (new Error("", "(unknown module)"))
1613323519386	Marionette	INFO	Listening on port 10138
console.warn: SearchSettings: "get: No settings file exists, new profile?" (new Error("", "(unknown module)"))
1613323519751	Marionette	WARN	TLS certificate errors will be ignored for this session
1613323519761	Marionette	ERROR	[15] No reply from Marionette:Register
JavaScript warning: https://t1.daumcdn.net/cssjs/jquery/jquery-1.9.0.min.js, line 4: Using //@ to indicate sourceMappingURL pragmas is deprecated. Use //# instead
JavaScript warning: https://t1.daumcdn.net/cssjs/jquery/jquery-1.9.0.min.js, line 4: Using //@ to indicate sourceMappingURL pragmas is deprecated. Use //# instead
JavaScript warning: https://t1.daumcdn.net/cssjs/jquery/jquery-1.9.0.min.js, line 4: Using //@ to indicate sourceMappingURL pragmas is deprecated. Use //# instead
JavaScript warning: https://t1.daumcdn.net/cssjs/jquery/jquery-1.9.0.min.js, line 4: Using //@ to indicate sourceMappingURL pragmas is deprecated. Use //# instead
1613323543452	Marionette	INFO	Stopped listening on port 10138

###!!! [Child][RunMessage] Error: Channel closing: too late to send/recv, messages will be lost

Invalid port. Exiting...
1613324583108	geckodriver	INFO	Listening on 127.0.0.1:12632
1613324586128	mozrunner::runner	INFO	Running command: "C:\\Program Files\\Mozilla Firefox\\firefox.exe" "--marionette" "-foreground" "-no-remote" "-profile" "C:\\Users\\ysa84\\AppData\\Local\\Temp\\rust_mozprofile7DyRPc"
console.warn: SearchSettings: "get: No settings file exists, new profile?" (new Error("", "(unknown module)"))
1613324587934	Marionette	INFO	Listening on port 12644
console.warn: SearchSettings: "get: No settings file exists, new profile?" (new Error("", "(unknown module)"))
1613324588184	Marionette	WARN	TLS certificate errors will be ignored for this session
1613324588194	Marionette	ERROR	[15] No reply from Marionette:Register
JavaScript warning: https://t1.daumcdn.net/cssjs/jquery/jquery-1.9.0.min.js, line 4: Using //@ to indicate sourceMappingURL pragmas is deprecated. Use //# instead
JavaScript warning: https://t1.daumcdn.net/cssjs/jquery/jquery-1.9.0.min.js, line 4: Using //@ to indicate sourceMappingURL pragmas is deprecated. Use //# instead
JavaScript warning: https://t1.daumcdn.net/cssjs/jquery/jquery-1.9.0.min.js, line 4: Using //@ to indicate sourceMappingURL pragmas is deprecated. Use //# instead
JavaScript warning: https://t1.daumcdn.net/cssjs/jquery/jquery-1.9.0.min.js, line 4: Using //@ to indicate sourceMappingURL pragmas is deprecated. Use //# instead
1613324606257	Marionette	INFO	Stopped listening on port 12644

###!!! [Child][RunMessage] Error: Channel closing: too late to send/recv, messages will be lost

1613324642309	geckodriver	INFO	Listening on 127.0.0.1:12851
1613324645324	mozrunner::runner	INFO	Running command: "C:\\Program Files\\Mozilla Firefox\\firefox.exe" "--marionette" "-foreground" "-no-remote" "-profile" "C:\\Users\\ysa84\\AppData\\Local\\Temp\\rust_mozprofileEWuDzl"
console.warn: SearchSettings: "get: No settings file exists, new profile?" (new Error("", "(unknown module)"))
1613324647078	Marionette	INFO	Listening on port 12871
console.warn: SearchSettings: "get: No settings file exists, new profile?" (new Error("", "(unknown module)"))
1613324647386	Marionette	WARN	TLS certificate errors will be ignored for this session
1613324647396	Marionette	ERROR	[15] No reply from Marionette:Register
JavaScript warning: https://t1.daumcdn.net/cssjs/jquery/jquery-1.9.0.min.js, line 4: Using //@ to indicate sourceMappingURL pragmas is deprecated. Use //# instead
JavaScript warning: https://t1.daumcdn.net/cssjs/jquery/jquery-1.9.0.min.js, line 4: Using //@ to indicate sourceMappingURL pragmas is deprecated. Use //# instead
JavaScript warning: https://t1.daumcdn.net/cssjs/jquery/jquery-1.9.0.min.js, line 4: Using //@ to indicate sourceMappingURL pragmas is deprecated. Use //# instead
1613324664363	Marionette	INFO	Stopped listening on port 12871

###!!! [Child][RunMessage] Error: Channel closing: too late to send/recv, messages will be lost

1613326197537	geckodriver	INFO	Listening on 127.0.0.1:14623
1613326200558	mozrunner::runner	INFO	Running command: "C:\\Program Files\\Mozilla Firefox\\firefox.exe" "--marionette" "-foreground" "-no-remote" "-profile" "C:\\Users\\ysa84\\AppData\\Local\\Temp\\rust_mozprofile4Xdx2D"
console.warn: SearchSettings: "get: No settings file exists, new profile?" (new Error("", "(unknown module)"))
1613326202274	Marionette	INFO	Listening on port 14634
console.warn: SearchSettings: "get: No settings file exists, new profile?" (new Error("", "(unknown module)"))
1613326202620	Marionette	WARN	TLS certificate errors will be ignored for this session
1613326202629	Marionette	ERROR	[15] No reply from Marionette:Register
JavaScript warning: https://t1.daumcdn.net/cssjs/jquery/jquery-1.9.0.min.js, line 4: Using //@ to indicate sourceMappingURL pragmas is deprecated. Use //# instead
JavaScript warning: https://t1.daumcdn.net/cssjs/jquery/jquery-1.9.0.min.js, line 4: Using //@ to indicate sourceMappingURL pragmas is deprecated. Use //# instead
JavaScript warning: https://t1.daumcdn.net/cssjs/jquery/jquery-1.9.0.min.js, line 4: Using //@ to indicate sourceMappingURL pragmas is deprecated. Use //# instead
JavaScript warning: https://t1.daumcdn.net/cssjs/jquery/jquery-1.9.0.min.js, line 4: Using //@ to indicate sourceMappingURL pragmas is deprecated. Use //# instead
1613326625951	Marionette	INFO	Stopped listening on port 14634

###!!! [Child][MessageChannel] Error: (msgtype=0x5B000A,name=PHttpChannel::Msg_DeletingChannel) Channel closing: too late to send/recv, messages will be lost


###!!! [Child][RunMessage] Error: Channel closing: too late to send/recv, messages will be lost

1613326696079	geckodriver	INFO	Listening on 127.0.0.1:1993
1613326699096	mozrunner::runner	INFO	Running command: "C:\\Program Files\\Mozilla Firefox\\firefox.exe" "--marionette" "-headless" "-foreground" "-no-remote" "-profile" "C:\\Users\\ysa84\\AppData\\Local\\Temp\\rust_mozprofilejhXs6W"
*** You are running in headless mode.
console.warn: SearchSettings: "get: No settings file exists, new profile?" (new Error("", "(unknown module)"))
1613326700310	Marionette	INFO	Listening on port 2005
console.warn: SearchSettings: "get: No settings file exists, new profile?" (new Error("", "(unknown module)"))
1613326700647	Marionette	WARN	TLS certificate errors will be ignored for this session
1613326700655	Marionette	ERROR	[15] No reply from Marionette:Register
JavaScript warning: https://t1.daumcdn.net/cssjs/jquery/jquery-1.9.0.min.js, line 4: Using //@ to indicate sourceMappingURL pragmas is deprecated. Use //# instead
JavaScript warning: https://t1.daumcdn.net/cssjs/jquery/jquery-1.9.0.min.js, line 4: Using //@ to indicate sourceMappingURL pragmas is deprecated. Use //# instead
JavaScript warning: https://t1.daumcdn.net/cssjs/jquery/jquery-1.9.0.min.js, line 4: Using //@ to indicate sourceMappingURL pragmas is deprecated. Use //# instead
JavaScript warning: https://t1.daumcdn.net/cssjs/jquery/jquery-1.9.0.min.js, line 4: Using //@ to indicate sourceMappingURL pragmas is deprecated. Use //# instead
1613326923097	Marionette	INFO	Stopped listening on port 2005
